<?xml version="1.0" encoding="utf-8"?>
<test-run id="2" testcasecount="15" result="Skipped:Ignored" total="15" passed="13" failed="0" inconclusive="0" skipped="2" asserts="0" engine-version="3.5.0.0" clr-version="4.0.30319.42000" start-time="2024-12-20 07:11:42Z" end-time="2024-12-20 07:13:33Z" duration="110,4651097">
  <test-suite type="TestSuite" id="1024" name="Beetle" fullname="Beetle" runstate="Runnable" testcasecount="15" result="Skipped" label="Ignored" start-time="2024-12-20 07:11:42Z" end-time="2024-12-20 07:13:33Z" duration="110.465110" total="15" passed="13" failed="0" inconclusive="0" skipped="2" asserts="0">
    <properties>
      <property name="platform" value="PlayMode" />
    </properties>
    <reason>
      <message><![CDATA[One or more child tests were ignored]]></message>
    </reason>
    <test-suite type="Assembly" id="1014" name="Tests.dll" fullname="D:/Unity Projects/BeetleCar/Library/ScriptAssemblies/Tests.dll" runstate="Runnable" testcasecount="11" result="Passed" start-time="2024-12-20 07:11:42Z" end-time="2024-12-20 07:13:32Z" duration="109.930156" total="11" passed="11" failed="0" inconclusive="0" skipped="0" asserts="0">
      <properties>
        <property name="_PID" value="3632" />
        <property name="_APPDOMAIN" value="Unity Child Domain" />
        <property name="platform" value="PlayMode" />
        <property name="EditorOnly" value="False" />
      </properties>
      <test-suite type="TestFixture" id="1001" name="CarTests" fullname="CarTests" classname="CarTests" runstate="Runnable" testcasecount="9" result="Passed" start-time="2024-12-20 07:11:42Z" end-time="2024-12-20 07:13:32Z" duration="109.898944" total="9" passed="9" failed="0" inconclusive="0" skipped="0" asserts="0">
        <properties />
        <test-case id="1008" name="TestCarAccelerationOnFirstGear" fullname="CarTests.TestCarAccelerationOnFirstGear" methodname="TestCarAccelerationOnFirstGear" classname="CarTests" runstate="Runnable" seed="8634920" result="Passed" start-time="2024-12-20 07:11:42Z" end-time="2024-12-20 07:11:56Z" duration="13.485552" asserts="0">
          <properties>
            <property name="_JOINTYPE" value="UnityCombinatorial" />
            <property name="retryIteration" value="0" />
            <property name="repeatIteration" value="0" />
          </properties>
          <output><![CDATA[N
Maquina de estado inicializadaTrue
Motor Apagado
Ralentí
Acelerando
1
Shift Up
Exception: Service Beetle.Domain.SetSpeedUseCase not found
Beetle.SystemUtilities.ServiceLocator.GetService[T] () (at Assets/Scripts/Core/0_Framework/Gameplay/ServiceLocator.cs:49)
Beetle.Framework.CarBehavior.SetCarSpeed () (at Assets/Scripts/Core/0_Framework/Gameplay/CarBehavior.cs:248)
Beetle.Framework.CarBehavior.Tick () (at Assets/Scripts/Core/0_Framework/Gameplay/CarBehavior.cs:268)
Beetle.Framework.CarHandler.Tick () (at Assets/Scripts/Core/0_Framework/Gameplay/CarHandler.cs:54)
TestSetup.Update () (at Assets/Scripts/Tests/TestSetup.cs:51)

]]></output>
        </test-case>
        <test-case id="1009" name="TestCarAccelerationTopSpeed" fullname="CarTests.TestCarAccelerationTopSpeed" methodname="TestCarAccelerationTopSpeed" classname="CarTests" runstate="Runnable" seed="1497888235" result="Passed" start-time="2024-12-20 07:11:56Z" end-time="2024-12-20 07:12:40Z" duration="44.311293" asserts="0">
          <properties>
            <property name="_JOINTYPE" value="UnityCombinatorial" />
            <property name="retryIteration" value="0" />
            <property name="repeatIteration" value="0" />
          </properties>
          <output><![CDATA[N
Maquina de estado inicializadaTrue
Motor Apagado
Ralentí
Acelerando
1
Shift Up
2
Shift Up
3
Shift Up
4
Shift Up
Exception: Service Beetle.Domain.SetSpeedUseCase not found
Beetle.SystemUtilities.ServiceLocator.GetService[T] () (at Assets/Scripts/Core/0_Framework/Gameplay/ServiceLocator.cs:49)
Beetle.Framework.CarBehavior.SetCarSpeed () (at Assets/Scripts/Core/0_Framework/Gameplay/CarBehavior.cs:248)
Beetle.Framework.CarBehavior.Tick () (at Assets/Scripts/Core/0_Framework/Gameplay/CarBehavior.cs:268)
Beetle.Framework.CarHandler.Tick () (at Assets/Scripts/Core/0_Framework/Gameplay/CarHandler.cs:54)
TestSetup.Update () (at Assets/Scripts/Tests/TestSetup.cs:51)

]]></output>
        </test-case>
        <test-case id="1010" name="TestCarBrake" fullname="CarTests.TestCarBrake" methodname="TestCarBrake" classname="CarTests" runstate="Runnable" seed="817274665" result="Passed" start-time="2024-12-20 07:12:40Z" end-time="2024-12-20 07:12:58Z" duration="17.808921" asserts="0">
          <properties>
            <property name="_JOINTYPE" value="UnityCombinatorial" />
            <property name="retryIteration" value="0" />
            <property name="repeatIteration" value="0" />
          </properties>
          <output><![CDATA[N
Maquina de estado inicializadaTrue
Motor Apagado
Ralentí
Acelerando
1
Shift Up
Desacelerando
N
Shift Down
Ralentí
Exception: Service Beetle.Domain.SetSpeedUseCase not found
Beetle.SystemUtilities.ServiceLocator.GetService[T] () (at Assets/Scripts/Core/0_Framework/Gameplay/ServiceLocator.cs:49)
Beetle.Framework.CarBehavior.SetCarSpeed () (at Assets/Scripts/Core/0_Framework/Gameplay/CarBehavior.cs:248)
Beetle.Framework.CarBehavior.Tick () (at Assets/Scripts/Core/0_Framework/Gameplay/CarBehavior.cs:268)
Beetle.Framework.CarHandler.Tick () (at Assets/Scripts/Core/0_Framework/Gameplay/CarHandler.cs:54)
TestSetup.Update () (at Assets/Scripts/Tests/TestSetup.cs:51)

]]></output>
        </test-case>
        <test-case id="1006" name="TestCarEngineThrottle" fullname="CarTests.TestCarEngineThrottle" methodname="TestCarEngineThrottle" classname="CarTests" runstate="Runnable" seed="1556242224" result="Passed" start-time="2024-12-20 07:12:58Z" end-time="2024-12-20 07:13:05Z" duration="7.292327" asserts="0">
          <properties>
            <property name="_JOINTYPE" value="UnityCombinatorial" />
            <property name="retryIteration" value="0" />
            <property name="repeatIteration" value="0" />
          </properties>
          <output><![CDATA[N
Maquina de estado inicializadaTrue
Motor Apagado
Ralentí
Acelerando
Exception: Service Beetle.Domain.SetSpeedUseCase not found
Beetle.SystemUtilities.ServiceLocator.GetService[T] () (at Assets/Scripts/Core/0_Framework/Gameplay/ServiceLocator.cs:49)
Beetle.Framework.CarBehavior.SetCarSpeed () (at Assets/Scripts/Core/0_Framework/Gameplay/CarBehavior.cs:248)
Beetle.Framework.CarBehavior.Tick () (at Assets/Scripts/Core/0_Framework/Gameplay/CarBehavior.cs:268)
Beetle.Framework.CarHandler.Tick () (at Assets/Scripts/Core/0_Framework/Gameplay/CarHandler.cs:54)
TestSetup.Update () (at Assets/Scripts/Tests/TestSetup.cs:51)

]]></output>
        </test-case>
        <test-case id="1005" name="TestCarIgnition" fullname="CarTests.TestCarIgnition" methodname="TestCarIgnition" classname="CarTests" runstate="Runnable" seed="1755324412" result="Passed" start-time="2024-12-20 07:13:05Z" end-time="2024-12-20 07:13:07Z" duration="2.291626" asserts="0">
          <properties>
            <property name="_JOINTYPE" value="UnityCombinatorial" />
            <property name="retryIteration" value="0" />
            <property name="repeatIteration" value="0" />
          </properties>
          <output><![CDATA[N
Maquina de estado inicializadaTrue
Motor Apagado
Ralentí
Exception: Service Beetle.Domain.SetSpeedUseCase not found
Beetle.SystemUtilities.ServiceLocator.GetService[T] () (at Assets/Scripts/Core/0_Framework/Gameplay/ServiceLocator.cs:49)
Beetle.Framework.CarBehavior.SetCarSpeed () (at Assets/Scripts/Core/0_Framework/Gameplay/CarBehavior.cs:248)
Beetle.Framework.CarBehavior.Tick () (at Assets/Scripts/Core/0_Framework/Gameplay/CarBehavior.cs:268)
Beetle.Framework.CarHandler.Tick () (at Assets/Scripts/Core/0_Framework/Gameplay/CarHandler.cs:54)
TestSetup.Update () (at Assets/Scripts/Tests/TestSetup.cs:51)

]]></output>
        </test-case>
        <test-case id="1002" name="TestCarInstantiation" fullname="CarTests.TestCarInstantiation" methodname="TestCarInstantiation" classname="CarTests" runstate="Runnable" seed="387814083" result="Passed" start-time="2024-12-20 07:13:07Z" end-time="2024-12-20 07:13:07Z" duration="0.038088" asserts="0">
          <properties>
            <property name="retryIteration" value="0" />
            <property name="repeatIteration" value="0" />
          </properties>
        </test-case>
        <test-case id="1003" name="TestCarMoves" fullname="CarTests.TestCarMoves" methodname="TestCarMoves" classname="CarTests" runstate="Runnable" seed="683795066" result="Passed" start-time="2024-12-20 07:13:07Z" end-time="2024-12-20 07:13:16Z" duration="8.766354" asserts="0">
          <properties>
            <property name="_JOINTYPE" value="UnityCombinatorial" />
            <property name="retryIteration" value="0" />
            <property name="repeatIteration" value="0" />
          </properties>
          <output><![CDATA[There are 2 audio listeners in the scene. Please ensure there is always exactly one audio listener in the scene.
N
Maquina de estado inicializadaTrue
Motor Apagado
Ralentí
Acelerando
1
Shift Up
2
Shift Up
Exception: Service Beetle.Domain.SetSpeedUseCase not found
Beetle.SystemUtilities.ServiceLocator.GetService[T] () (at Assets/Scripts/Core/0_Framework/Gameplay/ServiceLocator.cs:49)
Beetle.Framework.CarBehavior.SetCarSpeed () (at Assets/Scripts/Core/0_Framework/Gameplay/CarBehavior.cs:248)
Beetle.Framework.CarBehavior.Tick () (at Assets/Scripts/Core/0_Framework/Gameplay/CarBehavior.cs:268)
Beetle.Framework.CarHandler.Tick () (at Assets/Scripts/Core/0_Framework/Gameplay/CarHandler.cs:54)
TestSetup.Update () (at Assets/Scripts/Tests/TestSetup.cs:51)

]]></output>
        </test-case>
        <test-case id="1007" name="TestCarShifting" fullname="CarTests.TestCarShifting" methodname="TestCarShifting" classname="CarTests" runstate="Runnable" seed="558742215" result="Passed" start-time="2024-12-20 07:13:16Z" end-time="2024-12-20 07:13:24Z" duration="8.311541" asserts="0">
          <properties>
            <property name="_JOINTYPE" value="UnityCombinatorial" />
            <property name="retryIteration" value="0" />
            <property name="repeatIteration" value="0" />
          </properties>
          <output><![CDATA[N
Maquina de estado inicializadaTrue
Motor Apagado
Ralentí
Acelerando
R
Shift Down
N
Shift Up
1
Shift Up
2
Shift Up
3
Shift Up
4
Shift Up
Exception: Service Beetle.Domain.SetSpeedUseCase not found
Beetle.SystemUtilities.ServiceLocator.GetService[T] () (at Assets/Scripts/Core/0_Framework/Gameplay/ServiceLocator.cs:49)
Beetle.Framework.CarBehavior.SetCarSpeed () (at Assets/Scripts/Core/0_Framework/Gameplay/CarBehavior.cs:248)
Beetle.Framework.CarBehavior.Tick () (at Assets/Scripts/Core/0_Framework/Gameplay/CarBehavior.cs:268)
Beetle.Framework.CarHandler.Tick () (at Assets/Scripts/Core/0_Framework/Gameplay/CarHandler.cs:54)
TestSetup.Update () (at Assets/Scripts/Tests/TestSetup.cs:51)

]]></output>
        </test-case>
        <test-case id="1004" name="TestCarSteering" fullname="CarTests.TestCarSteering" methodname="TestCarSteering" classname="CarTests" runstate="Runnable" seed="469472887" result="Passed" start-time="2024-12-20 07:13:24Z" end-time="2024-12-20 07:13:32Z" duration="7.519902" asserts="0">
          <properties>
            <property name="_JOINTYPE" value="UnityCombinatorial" />
            <property name="retryIteration" value="0" />
            <property name="repeatIteration" value="0" />
          </properties>
          <output><![CDATA[N
Maquina de estado inicializadaTrue
Motor Apagado
Ralentí
Acelerando
1
Shift Up
Desacelerando
Ralentí
Exception: Service Beetle.Domain.SetSpeedUseCase not found
Beetle.SystemUtilities.ServiceLocator.GetService[T] () (at Assets/Scripts/Core/0_Framework/Gameplay/ServiceLocator.cs:49)
Beetle.Framework.CarBehavior.SetCarSpeed () (at Assets/Scripts/Core/0_Framework/Gameplay/CarBehavior.cs:248)
Beetle.Framework.CarBehavior.Tick () (at Assets/Scripts/Core/0_Framework/Gameplay/CarBehavior.cs:268)
Beetle.Framework.CarHandler.Tick () (at Assets/Scripts/Core/0_Framework/Gameplay/CarHandler.cs:54)
TestSetup.Update () (at Assets/Scripts/Tests/TestSetup.cs:51)

]]></output>
        </test-case>
      </test-suite>
      <test-suite type="TestFixture" id="1011" name="InputTests" fullname="InputTests" classname="InputTests" runstate="Runnable" testcasecount="2" result="Passed" start-time="2024-12-20 07:13:32Z" end-time="2024-12-20 07:13:32Z" duration="0.027083" total="2" passed="2" failed="0" inconclusive="0" skipped="0" asserts="0">
        <properties />
        <output><![CDATA[Exception: Service Beetle.Domain.SetSpeedUseCase not found
Beetle.SystemUtilities.ServiceLocator.GetService[T] () (at Assets/Scripts/Core/0_Framework/Gameplay/ServiceLocator.cs:49)
Beetle.Framework.CarBehavior.SetCarSpeed () (at Assets/Scripts/Core/0_Framework/Gameplay/CarBehavior.cs:248)
Beetle.Framework.CarBehavior.Tick () (at Assets/Scripts/Core/0_Framework/Gameplay/CarBehavior.cs:268)
Beetle.Framework.CarHandler.Tick () (at Assets/Scripts/Core/0_Framework/Gameplay/CarHandler.cs:54)
TestSetup.Update () (at Assets/Scripts/Tests/TestSetup.cs:51)

]]></output>
        <test-case id="1012" name="TestInputButton" fullname="InputTests.TestInputButton" methodname="TestInputButton" classname="InputTests" runstate="Runnable" seed="1453835261" result="Passed" start-time="2024-12-20 07:13:32Z" end-time="2024-12-20 07:13:32Z" duration="0.009946" asserts="0">
          <properties>
            <property name="retryIteration" value="0" />
            <property name="repeatIteration" value="0" />
          </properties>
          <output><![CDATA[1
]]></output>
        </test-case>
        <test-case id="1013" name="TestInputTrigger" fullname="InputTests.TestInputTrigger" methodname="TestInputTrigger" classname="InputTests" runstate="Runnable" seed="1880829023" result="Passed" start-time="2024-12-20 07:13:32Z" end-time="2024-12-20 07:13:32Z" duration="0.010417" asserts="0">
          <properties>
            <property name="retryIteration" value="0" />
            <property name="repeatIteration" value="0" />
          </properties>
          <output><![CDATA[0
1
True
1
]]></output>
        </test-case>
      </test-suite>
    </test-suite>
    <test-suite type="Assembly" id="1020" name="Unity.InputSystem.IntegrationTests.dll" fullname="D:/Unity Projects/BeetleCar/Library/ScriptAssemblies/Unity.InputSystem.IntegrationTests.dll" runstate="Runnable" testcasecount="4" result="Skipped" label="Ignored" start-time="2024-12-20 07:13:32Z" end-time="2024-12-20 07:13:33Z" duration="0.526040" total="4" passed="2" failed="0" inconclusive="0" skipped="2" asserts="0">
      <properties>
        <property name="_PID" value="3632" />
        <property name="_APPDOMAIN" value="Unity Child Domain" />
        <property name="platform" value="PlayMode" />
        <property name="EditorOnly" value="False" />
      </properties>
      <reason>
        <message><![CDATA[One or more child tests were ignored]]></message>
      </reason>
      <test-suite type="TestFixture" id="1015" name="IntegrationTests" fullname="IntegrationTests" classname="IntegrationTests" runstate="Runnable" testcasecount="4" result="Skipped" label="Ignored" start-time="2024-12-20 07:13:33Z" end-time="2024-12-20 07:13:33Z" duration="0.024666" total="4" passed="2" failed="0" inconclusive="0" skipped="2" asserts="0">
        <properties />
        <reason>
          <message><![CDATA[One or more child tests were ignored]]></message>
        </reason>
        <test-case id="1017" name="Integration_CanChangeInputBackendPlayerSettingInEditor" fullname="IntegrationTests.Integration_CanChangeInputBackendPlayerSettingInEditor" methodname="Integration_CanChangeInputBackendPlayerSettingInEditor" classname="IntegrationTests" runstate="Runnable" seed="2067526482" result="Passed" start-time="2024-12-20 07:13:33Z" end-time="2024-12-20 07:13:33Z" duration="0.004572" asserts="0">
          <properties>
            <property name="Category" value="Integration" />
            <property name="retryIteration" value="0" />
            <property name="repeatIteration" value="0" />
          </properties>
        </test-case>
        <test-case id="1016" name="Integration_CanSendAndReceiveEvents" fullname="IntegrationTests.Integration_CanSendAndReceiveEvents" methodname="Integration_CanSendAndReceiveEvents" classname="IntegrationTests" runstate="Runnable" seed="2094714678" result="Passed" start-time="2024-12-20 07:13:33Z" end-time="2024-12-20 07:13:33Z" duration="0.006610" asserts="0">
          <properties>
            <property name="Category" value="Integration" />
            <property name="retryIteration" value="0" />
            <property name="repeatIteration" value="0" />
          </properties>
        </test-case>
        <test-case id="1019" name="WindowsInput_MouseMovements_AreDetected" fullname="IntegrationTests.WindowsInput_MouseMovements_AreDetected" methodname="WindowsInput_MouseMovements_AreDetected" classname="IntegrationTests" runstate="Ignored" seed="320935163" result="Skipped" label="Ignored" start-time="2024-12-20 07:13:33Z" end-time="2024-12-20 07:13:33Z" duration="0.000284" asserts="0">
          <properties>
            <property name="_JOINTYPE" value="UnityCombinatorial" />
            <property name="Category" value="Integration" />
            <property name="_SKIPREASON" value="Unstable due to 1252825" />
          </properties>
          <reason>
            <message><![CDATA[Unstable due to 1252825]]></message>
          </reason>
        </test-case>
        <test-case id="1018" name="WindowsInput_RemoteDesktopMouseMovements_AreDetected" fullname="IntegrationTests.WindowsInput_RemoteDesktopMouseMovements_AreDetected" methodname="WindowsInput_RemoteDesktopMouseMovements_AreDetected" classname="IntegrationTests" runstate="Ignored" seed="363689148" result="Skipped" label="Ignored" start-time="2024-12-20 07:13:33Z" end-time="2024-12-20 07:13:33Z" duration="0.000002" asserts="0">
          <properties>
            <property name="_JOINTYPE" value="UnityCombinatorial" />
            <property name="Category" value="Integration" />
            <property name="_SKIPREASON" value="Unstable due to 1252825" />
          </properties>
          <reason>
            <message><![CDATA[Unstable due to 1252825]]></message>
          </reason>
          <output><![CDATA[Saving results to: C:/Users/Hex/AppData/LocalLow/DefaultCompany/Beetle\TestResults.xml
]]></output>
        </test-case>
      </test-suite>
    </test-suite>
  </test-suite>
</test-run>